Arguments: 
  /usr/bin/node /usr/share/yarn/bin/yarn.js add express

PATH: 
  /home/ahsverus/.local/bin:/usr/local/sbin:/usr/local/bin:/usr/sbin:/usr/bin:/sbin:/bin:/usr/games:/usr/local/games:/snap/bin

Yarn version: 
  1.15.2

Node version: 
  10.15.3

Platform: 
  linux x64

Trace: 
  Error: unable to verify the first certificate
      at TLSSocket.onConnectSecure (_tls_wrap.js:1051:34)
      at TLSSocket.emit (events.js:189:13)
      at TLSSocket._finishInit (_tls_wrap.js:633:8)

npm manifest: 
  {
    "name": "Omnistack3",
    "version": "1.0.0",
    "main": "index.js",
    "license": "MIT"
  }

yarn manifest: 
  No manifest

Lockfile: 
  No lockfile
